This file contains any messages produced by compilers while
running configure, to aid debugging if configure makes a mistake.

It was created by kjslgit configure 1.0, which was
generated by GNU Autoconf 2.69.  Invocation command line was

  $ ./configure 

## --------- ##
## Platform. ##
## --------- ##

hostname = Kevs-Mac.local
uname -m = x86_64
uname -r = 15.6.0
uname -s = Darwin
uname -v = Darwin Kernel Version 15.6.0: Mon Aug 29 20:21:34 PDT 2016; root:xnu-3248.60.11~1/RELEASE_X86_64

/usr/bin/uname -p = i386
/bin/uname -X     = unknown

/bin/arch              = unknown
/usr/bin/arch -k       = unknown
/usr/convex/getsysinfo = unknown
/usr/bin/hostinfo      = Mach kernel version:
	 Darwin Kernel Version 15.6.0: Mon Aug 29 20:21:34 PDT 2016; root:xnu-3248.60.11~1/RELEASE_X86_64
Kernel configured for up to 8 processors.
4 processors are physically available.
8 processors are logically available.
Processor type: x86_64h (Intel x86-64h Haswell)
Processors active: 0 1 2 3 4 5 6 7
Primary memory available: 16.00 gigabytes
Default processor set: 336 tasks, 1861 threads, 8 processors
Load average: 2.07, Mach factor: 5.91
/bin/machine           = unknown
/usr/bin/oslevel       = unknown
/bin/universe          = unknown

PATH: /opt/local/bin
PATH: /opt/local/sbin
PATH: /opt/local/bin
PATH: /opt/local/sbin
PATH: /Library/Frameworks/Python.framework/Versions/3.5/bin
PATH: /usr/local/bin
PATH: /usr/bin
PATH: /bin
PATH: /usr/sbin
PATH: /sbin
PATH: /usr/local/MacGPG2/bin
PATH: /Library/Frameworks/Mono.framework/Versions/Current/Commands


## ----------- ##
## Core tests. ##
## ----------- ##

configure:1840: checking for g++
configure:1856: found /opt/local/bin/g++
configure:1867: result: g++
configure:1894: checking for C++ compiler version
configure:1903: g++ --version >&5
g++ (MacPorts gcc49 4.9.3_0) 4.9.3
Copyright (C) 2015 Free Software Foundation, Inc.
This is free software; see the source for copying conditions.  There is NO
warranty; not even for MERCHANTABILITY or FITNESS FOR A PARTICULAR PURPOSE.

configure:1914: $? = 0
configure:1903: g++ -v >&5
Using built-in specs.
COLLECT_GCC=g++
COLLECT_LTO_WRAPPER=/opt/local/libexec/gcc/x86_64-apple-darwin15/4.9.3/lto-wrapper
Target: x86_64-apple-darwin15
Configured with: /opt/local/var/macports/build/_opt_mports_dports_lang_gcc49/gcc49/work/gcc-4.9.3/configure --prefix=/opt/local --build=x86_64-apple-darwin15 --enable-languages=c,c++,objc,obj-c++,lto,fortran,java --libdir=/opt/local/lib/gcc49 --includedir=/opt/local/include/gcc49 --infodir=/opt/local/share/info --mandir=/opt/local/share/man --datarootdir=/opt/local/share/gcc-4.9 --with-local-prefix=/opt/local --with-system-zlib --disable-nls --program-suffix=-mp-4.9 --with-gxx-include-dir=/opt/local/include/gcc49/c++/ --with-gmp=/opt/local --with-mpfr=/opt/local --with-mpc=/opt/local --with-isl=/opt/local --disable-isl-version-check --with-cloog=/opt/local --disable-cloog-version-check --enable-stage1-checking --disable-multilib --enable-lto --enable-libstdcxx-time --with-as=/opt/local/bin/as --with-ld=/opt/local/bin/ld --with-ar=/opt/local/bin/ar --with-bugurl=https://trac.macports.org/newticket --with-pkgversion='MacPorts gcc49 4.9.3_0' --with-build-config=bootstrap-debug
Thread model: posix
gcc version 4.9.3 (MacPorts gcc49 4.9.3_0) 
configure:1914: $? = 0
configure:1903: g++ -V >&5
g++: error: unrecognized command line option '-V'
g++: fatal error: no input files
compilation terminated.
configure:1914: $? = 1
configure:1903: g++ -qversion >&5
g++: error: unrecognized command line option '-qversion'
g++: fatal error: no input files
compilation terminated.
configure:1914: $? = 1
configure:1934: checking whether the C++ compiler works
configure:1956: g++    conftest.cpp  >&5
configure:1960: $? = 0
configure:2008: result: yes
configure:2011: checking for C++ compiler default output file name
configure:2013: result: a.out
configure:2019: checking for suffix of executables
configure:2026: g++ -o conftest    conftest.cpp  >&5
configure:2030: $? = 0
configure:2052: result: 
configure:2074: checking whether we are cross compiling
configure:2082: g++ -o conftest    conftest.cpp  >&5
configure:2086: $? = 0
configure:2093: ./conftest
configure:2097: $? = 0
configure:2112: result: no
configure:2117: checking for suffix of object files
configure:2139: g++ -c   conftest.cpp >&5
configure:2143: $? = 0
configure:2164: result: o
configure:2168: checking whether we are using the GNU C++ compiler
configure:2187: g++ -c   conftest.cpp >&5
configure:2187: $? = 0
configure:2196: result: yes
configure:2205: checking whether g++ accepts -g
configure:2225: g++ -c -g  conftest.cpp >&5
configure:2225: $? = 0
configure:2266: result: yes
configure:2338: checking for a BSD-compatible install
configure:2406: result: /usr/bin/install -c
configure:2417: checking whether build environment is sane
configure:2472: result: yes
configure:2623: checking for a thread-safe mkdir -p
configure:2662: result: ./install-sh -c -d
configure:2669: checking for gawk
configure:2699: result: no
configure:2669: checking for mawk
configure:2699: result: no
configure:2669: checking for nawk
configure:2699: result: no
configure:2669: checking for awk
configure:2685: found /usr/bin/awk
configure:2696: result: awk
configure:2707: checking whether make sets $(MAKE)
configure:2729: result: yes
configure:2759: checking for style of include used by make
configure:2787: result: GNU
configure:2821: checking whether make supports nested variables
configure:2838: result: yes
configure:2923: checking dependency style of g++
configure:3034: result: gcc3

## ---------------- ##
## Cache variables. ##
## ---------------- ##

ac_cv_cxx_compiler_gnu=yes
ac_cv_env_CCC_set=
ac_cv_env_CCC_value=
ac_cv_env_CPPFLAGS_set=
ac_cv_env_CPPFLAGS_value=
ac_cv_env_CXXFLAGS_set=
ac_cv_env_CXXFLAGS_value=
ac_cv_env_CXX_set=
ac_cv_env_CXX_value=
ac_cv_env_LDFLAGS_set=
ac_cv_env_LDFLAGS_value=
ac_cv_env_LIBS_set=
ac_cv_env_LIBS_value=
ac_cv_env_build_alias_set=
ac_cv_env_build_alias_value=
ac_cv_env_host_alias_set=
ac_cv_env_host_alias_value=
ac_cv_env_target_alias_set=
ac_cv_env_target_alias_value=
ac_cv_objext=o
ac_cv_path_install='/usr/bin/install -c'
ac_cv_prog_AWK=awk
ac_cv_prog_ac_ct_CXX=g++
ac_cv_prog_cxx_g=yes
ac_cv_prog_make_make_set=yes
am_cv_CXX_dependencies_compiler_type=gcc3
am_cv_make_support_nested_variables=yes

## ----------------- ##
## Output variables. ##
## ----------------- ##

ACLOCAL='${SHELL} /Users/klambert/workspace/kjslgit/missing aclocal-1.15'
AMDEPBACKSLASH='\'
AMDEP_FALSE='#'
AMDEP_TRUE=''
AMTAR='$${TAR-tar}'
AM_BACKSLASH='\'
AM_DEFAULT_V='$(AM_DEFAULT_VERBOSITY)'
AM_DEFAULT_VERBOSITY='1'
AM_V='$(V)'
AUTOCONF='${SHELL} /Users/klambert/workspace/kjslgit/missing autoconf'
AUTOHEADER='${SHELL} /Users/klambert/workspace/kjslgit/missing autoheader'
AUTOMAKE='${SHELL} /Users/klambert/workspace/kjslgit/missing automake-1.15'
AWK='awk'
CPPFLAGS=''
CXX='g++'
CXXDEPMODE='depmode=gcc3'
CXXFLAGS='-g -O2'
CYGPATH_W='echo'
DEFS=''
DEPDIR='.deps'
ECHO_C='\c'
ECHO_N=''
ECHO_T=''
EXEEXT=''
INSTALL_DATA='${INSTALL} -m 644'
INSTALL_PROGRAM='${INSTALL}'
INSTALL_SCRIPT='${INSTALL}'
INSTALL_STRIP_PROGRAM='$(install_sh) -c -s'
LDFLAGS=''
LIBS=''
MAKEINFO='${SHELL} /Users/klambert/workspace/kjslgit/missing makeinfo'
MKDIR_P='./install-sh -c -d'
OBJEXT='o'
PACKAGE='kjslgit'
PACKAGE_BUGREPORT=''
PACKAGE_NAME='kjslgit'
PACKAGE_STRING='kjslgit 1.0'
PACKAGE_TARNAME='kjslgit'
PACKAGE_URL=''
PACKAGE_VERSION='1.0'
PATH_SEPARATOR=':'
SET_MAKE=''
SHELL='/bin/sh'
STRIP=''
VERSION='1.0'
ac_ct_CXX='g++'
am__fastdepCXX_FALSE='#'
am__fastdepCXX_TRUE=''
am__include='include'
am__isrc=''
am__leading_dot='.'
am__nodep='_no'
am__quote=''
am__tar='$${TAR-tar} chof - "$$tardir"'
am__untar='$${TAR-tar} xf -'
bindir='${exec_prefix}/bin'
build_alias=''
datadir='${datarootdir}'
datarootdir='${prefix}/share'
docdir='${datarootdir}/doc/${PACKAGE_TARNAME}'
dvidir='${docdir}'
exec_prefix='NONE'
host_alias=''
htmldir='${docdir}'
includedir='${prefix}/include'
infodir='${datarootdir}/info'
install_sh='${SHELL} /Users/klambert/workspace/kjslgit/install-sh'
libdir='${exec_prefix}/lib'
libexecdir='${exec_prefix}/libexec'
localedir='${datarootdir}/locale'
localstatedir='${prefix}/var'
mandir='${datarootdir}/man'
mkdir_p='$(MKDIR_P)'
oldincludedir='/usr/include'
pdfdir='${docdir}'
prefix='NONE'
program_transform_name='s,x,x,'
psdir='${docdir}'
sbindir='${exec_prefix}/sbin'
sharedstatedir='${prefix}/com'
sysconfdir='${prefix}/etc'
target_alias=''

## ----------- ##
## confdefs.h. ##
## ----------- ##

/* confdefs.h */
#define PACKAGE_NAME "kjslgit"
#define PACKAGE_TARNAME "kjslgit"
#define PACKAGE_VERSION "1.0"
#define PACKAGE_STRING "kjslgit 1.0"
#define PACKAGE_BUGREPORT ""
#define PACKAGE_URL ""
#define PACKAGE "kjslgit"
#define VERSION "1.0"

configure: exit 0
